<?xml version="1.0" encoding="UTF-8"?>
<testng-results skipped="0" failed="0" ignored="0" total="1" passed="1">
  <reporter-output>
  </reporter-output>
  <suite name="Default suite" duration-ms="3001" started-at="2020-09-14T14:52:41Z" finished-at="2020-09-14T14:52:44Z">
    <groups>
    </groups>
    <test name="Default test" duration-ms="3001" started-at="2020-09-14T14:52:41Z" finished-at="2020-09-14T14:52:44Z">
      <class name="com.pk.API.ParseComplexJson">
        <test-method status="PASS" signature="parseComlexJson()[pri:0, instance:com.pk.API.ParseComplexJson@59fa1d9b]" name="parseComlexJson" duration-ms="2937" started-at="2020-09-14T14:52:41Z" finished-at="2020-09-14T14:52:44Z">
          <reporter-output>
          </reporter-output>
        </test-method> <!-- parseComlexJson -->
      </class> <!-- com.pk.API.ParseComplexJson -->
    </test> <!-- Default test -->
  </suite> <!-- Default suite -->
</testng-results>
